<?xml version="1.0" encoding="UTF-8"?>
<persistence xmlns:xsi="http://www.w3.org/2001/XMLSchema-instance"
             xmlns="http://java.sun.com/xml/ns/persistence"
             xsi:schemaLocation="http://java.sun.com/xml/ns/persistence http://java.sun.com/xml/ns/persistence/persistence_2_0.xsd"
             version="2.0">

    <persistence-unit name="demoApplicationPU" transaction-type="JTA">
        <jta-data-source>jdbc/test</jta-data-source>

        <non-jta-data-source>jdbc/test-unmanaged</non-jta-data-source>

        <class>org.tomitribe.beryllium.example.app.Model</class>

        <properties>
            <property name="openjpa.jdbc.SynchronizeMappings" value="buildSchema(ForeignKeys=true)"/>
            <property name="openjpa.DynamicEnhancementAgent" value="true"/>
            <property name="openjpa.Log" value="SQL=TRACE"/>
            <property name="openjpa.ConnectionFactoryProperties" value="printParameters=true"/>
        </properties>
    </persistence-unit>
</persistence>
